<?xml version="1.0" encoding="UTF-8"?>
<!-- Generated by org.testng.reporters.JUnitXMLReporter -->
<testsuite hostname="LAPTOP-E581B0A3" ignored="0" name="Default test" tests="5" failures="0" timestamp="2021-10-03T22:11:32 EDT" time="14.78" errors="0">
  <testcase name="test1" time="9.454" classname="RepeatSelenium222.RepeatSelenium222.Button"/>
  <testcase name="test2" time="2.379" classname="RepeatSelenium222.RepeatSelenium222.Button"/>
  <testcase name="test3" time="0.031" classname="RepeatSelenium222.RepeatSelenium222.Button"/>
  <testcase name="test4" time="0.027" classname="RepeatSelenium222.RepeatSelenium222.Button"/>
  <testcase name="test5" time="0.026" classname="RepeatSelenium222.RepeatSelenium222.Button"/>
</testsuite> <!-- Default test -->
