<?xml version="1.0" encoding="UTF-8"?>
<!-- Generated by org.testng.reporters.JUnitXMLReporter -->
<testsuite hostname="LAPTOP-E581B0A3" ignored="0" name="Default test" tests="5" failures="0" timestamp="2021-10-03T18:43:16 EDT" time="12.271" errors="0">
  <testcase name="test1" time="6.131" classname="RepeatSelenium222.RepeatSelenium222.Button"/>
  <testcase name="test2" time="2.416" classname="RepeatSelenium222.RepeatSelenium222.Button"/>
  <testcase name="test3" time="0.038" classname="RepeatSelenium222.RepeatSelenium222.Button"/>
  <testcase name="test4" time="0.028" classname="RepeatSelenium222.RepeatSelenium222.Button"/>
  <testcase name="test5" time="0.029" classname="RepeatSelenium222.RepeatSelenium222.Button"/>
</testsuite> <!-- Default test -->
