<?xml version="1.0" encoding="UTF-8"?>
<testng-results skipped="0" failed="0" ignored="0" total="5" passed="5">
  <reporter-output>
  </reporter-output>
  <suite name="RepeatSelenium222.RepeatSelenium222.TestButton" duration-ms="11080" started-at="2021-10-04T18:16:09 EDT" finished-at="2021-10-04T18:16:20 EDT">
    <groups>
    </groups>
    <test name="Command line test" duration-ms="11080" started-at="2021-10-04T18:16:09 EDT" finished-at="2021-10-04T18:16:20 EDT">
      <class name="RepeatSelenium222.RepeatSelenium222.TestButton">
        <test-method status="PASS" signature="setUp()[pri:0, instance:RepeatSelenium222.RepeatSelenium222.TestButton@11dc3715]" name="setUp" is-config="true" duration-ms="1828" started-at="2021-10-04T18:16:09 EDT" finished-at="2021-10-04T18:16:11 EDT">
          <reporter-output>
          </reporter-output>
        </test-method> <!-- setUp -->
        <test-method status="PASS" signature="test1()[pri:0, instance:RepeatSelenium222.RepeatSelenium222.TestButton@11dc3715]" name="test1" duration-ms="6061" started-at="2021-10-04T18:16:11 EDT" finished-at="2021-10-04T18:16:17 EDT">
          <reporter-output>
          </reporter-output>
        </test-method> <!-- test1 -->
        <test-method status="PASS" signature="test2()[pri:0, instance:RepeatSelenium222.RepeatSelenium222.TestButton@11dc3715]" name="test2" duration-ms="2386" started-at="2021-10-04T18:16:17 EDT" finished-at="2021-10-04T18:16:19 EDT">
          <reporter-output>
          </reporter-output>
        </test-method> <!-- test2 -->
        <test-method status="PASS" signature="test3()[pri:0, instance:RepeatSelenium222.RepeatSelenium222.TestButton@11dc3715]" name="test3" duration-ms="31" started-at="2021-10-04T18:16:19 EDT" finished-at="2021-10-04T18:16:19 EDT">
          <reporter-output>
          </reporter-output>
        </test-method> <!-- test3 -->
        <test-method status="PASS" signature="test4()[pri:0, instance:RepeatSelenium222.RepeatSelenium222.TestButton@11dc3715]" name="test4" duration-ms="29" started-at="2021-10-04T18:16:19 EDT" finished-at="2021-10-04T18:16:20 EDT">
          <reporter-output>
          </reporter-output>
        </test-method> <!-- test4 -->
        <test-method status="PASS" signature="test5()[pri:0, instance:RepeatSelenium222.RepeatSelenium222.TestButton@11dc3715]" name="test5" duration-ms="25" started-at="2021-10-04T18:16:20 EDT" finished-at="2021-10-04T18:16:20 EDT">
          <reporter-output>
          </reporter-output>
        </test-method> <!-- test5 -->
        <test-method status="PASS" signature="tearDown()[pri:0, instance:RepeatSelenium222.RepeatSelenium222.TestButton@11dc3715]" name="tearDown" is-config="true" duration-ms="634" started-at="2021-10-04T18:16:20 EDT" finished-at="2021-10-04T18:16:20 EDT">
          <reporter-output>
          </reporter-output>
        </test-method> <!-- tearDown -->
      </class> <!-- RepeatSelenium222.RepeatSelenium222.TestButton -->
    </test> <!-- Command line test -->
  </suite> <!-- RepeatSelenium222.RepeatSelenium222.TestButton -->
</testng-results>
