<?xml version="1.0" encoding="UTF-8"?>
<testng-results skipped="0" failed="0" ignored="0" total="5" passed="5">
  <reporter-output>
  </reporter-output>
  <suite name="Default suite" duration-ms="14780" started-at="2021-10-03T22:11:17 EDT" finished-at="2021-10-03T22:11:32 EDT">
    <groups>
    </groups>
    <test name="Default test" duration-ms="14780" started-at="2021-10-03T22:11:17 EDT" finished-at="2021-10-03T22:11:32 EDT">
      <class name="RepeatSelenium222.RepeatSelenium222.Button">
        <test-method status="PASS" signature="setUp()[pri:0, instance:RepeatSelenium222.RepeatSelenium222.Button@4386f16]" name="setUp" is-config="true" duration-ms="2140" started-at="2021-10-03T22:11:17 EDT" finished-at="2021-10-03T22:11:19 EDT">
          <reporter-output>
          </reporter-output>
        </test-method> <!-- setUp -->
        <test-method status="PASS" signature="test1()[pri:0, instance:RepeatSelenium222.RepeatSelenium222.Button@4386f16]" name="test1" duration-ms="9454" started-at="2021-10-03T22:11:19 EDT" finished-at="2021-10-03T22:11:29 EDT">
          <reporter-output>
          </reporter-output>
        </test-method> <!-- test1 -->
        <test-method status="PASS" signature="test2()[pri:0, instance:RepeatSelenium222.RepeatSelenium222.Button@4386f16]" name="test2" duration-ms="2379" started-at="2021-10-03T22:11:29 EDT" finished-at="2021-10-03T22:11:31 EDT">
          <reporter-output>
          </reporter-output>
        </test-method> <!-- test2 -->
        <test-method status="PASS" signature="test3()[pri:0, instance:RepeatSelenium222.RepeatSelenium222.Button@4386f16]" name="test3" duration-ms="31" started-at="2021-10-03T22:11:31 EDT" finished-at="2021-10-03T22:11:31 EDT">
          <reporter-output>
          </reporter-output>
        </test-method> <!-- test3 -->
        <test-method status="PASS" signature="test4()[pri:0, instance:RepeatSelenium222.RepeatSelenium222.Button@4386f16]" name="test4" duration-ms="27" started-at="2021-10-03T22:11:31 EDT" finished-at="2021-10-03T22:11:31 EDT">
          <reporter-output>
          </reporter-output>
        </test-method> <!-- test4 -->
        <test-method status="PASS" signature="test5()[pri:0, instance:RepeatSelenium222.RepeatSelenium222.Button@4386f16]" name="test5" duration-ms="26" started-at="2021-10-03T22:11:31 EDT" finished-at="2021-10-03T22:11:31 EDT">
          <reporter-output>
          </reporter-output>
        </test-method> <!-- test5 -->
        <test-method status="PASS" signature="tearDown()[pri:0, instance:RepeatSelenium222.RepeatSelenium222.Button@4386f16]" name="tearDown" is-config="true" duration-ms="621" started-at="2021-10-03T22:11:31 EDT" finished-at="2021-10-03T22:11:32 EDT">
          <reporter-output>
          </reporter-output>
        </test-method> <!-- tearDown -->
      </class> <!-- RepeatSelenium222.RepeatSelenium222.Button -->
    </test> <!-- Default test -->
  </suite> <!-- Default suite -->
</testng-results>
