<?xml version="1.0" encoding="UTF-8"?>
<testng-results skipped="0" failed="0" ignored="0" total="5" passed="5">
  <reporter-output>
  </reporter-output>
  <suite name="Default suite" duration-ms="12271" started-at="2021-10-03T18:43:04 EDT" finished-at="2021-10-03T18:43:16 EDT">
    <groups>
    </groups>
    <test name="Default test" duration-ms="12271" started-at="2021-10-03T18:43:04 EDT" finished-at="2021-10-03T18:43:16 EDT">
      <class name="RepeatSelenium222.RepeatSelenium222.Button">
        <test-method status="PASS" signature="setUp()[pri:0, instance:RepeatSelenium222.RepeatSelenium222.Button@614ddd49]" name="setUp" is-config="true" duration-ms="2940" started-at="2021-10-03T18:43:04 EDT" finished-at="2021-10-03T18:43:07 EDT">
          <reporter-output>
          </reporter-output>
        </test-method> <!-- setUp -->
        <test-method status="PASS" signature="test1()[pri:0, instance:RepeatSelenium222.RepeatSelenium222.Button@614ddd49]" name="test1" duration-ms="6131" started-at="2021-10-03T18:43:07 EDT" finished-at="2021-10-03T18:43:13 EDT">
          <reporter-output>
          </reporter-output>
        </test-method> <!-- test1 -->
        <test-method status="PASS" signature="test2()[pri:0, instance:RepeatSelenium222.RepeatSelenium222.Button@614ddd49]" name="test2" duration-ms="2416" started-at="2021-10-03T18:43:13 EDT" finished-at="2021-10-03T18:43:15 EDT">
          <reporter-output>
          </reporter-output>
        </test-method> <!-- test2 -->
        <test-method status="PASS" signature="test3()[pri:0, instance:RepeatSelenium222.RepeatSelenium222.Button@614ddd49]" name="test3" duration-ms="38" started-at="2021-10-03T18:43:15 EDT" finished-at="2021-10-03T18:43:15 EDT">
          <reporter-output>
          </reporter-output>
        </test-method> <!-- test3 -->
        <test-method status="PASS" signature="test4()[pri:0, instance:RepeatSelenium222.RepeatSelenium222.Button@614ddd49]" name="test4" duration-ms="28" started-at="2021-10-03T18:43:15 EDT" finished-at="2021-10-03T18:43:15 EDT">
          <reporter-output>
          </reporter-output>
        </test-method> <!-- test4 -->
        <test-method status="PASS" signature="test5()[pri:0, instance:RepeatSelenium222.RepeatSelenium222.Button@614ddd49]" name="test5" duration-ms="29" started-at="2021-10-03T18:43:15 EDT" finished-at="2021-10-03T18:43:15 EDT">
          <reporter-output>
          </reporter-output>
        </test-method> <!-- test5 -->
        <test-method status="PASS" signature="tearDown()[pri:0, instance:RepeatSelenium222.RepeatSelenium222.Button@614ddd49]" name="tearDown" is-config="true" duration-ms="632" started-at="2021-10-03T18:43:15 EDT" finished-at="2021-10-03T18:43:16 EDT">
          <reporter-output>
          </reporter-output>
        </test-method> <!-- tearDown -->
      </class> <!-- RepeatSelenium222.RepeatSelenium222.Button -->
    </test> <!-- Default test -->
  </suite> <!-- Default suite -->
</testng-results>
